<?xml version="1.0" encoding="UTF-8"?>
<!-- Generated by org.testng.reporters.JUnitReportReporter -->
<testsuite hostname="LAPTOP-7KTP9OVS" failures="0" tests="1" name="testClassPackage.Post_tc_2" time="2.611" errors="0" timestamp="2023-05-23T21:24:41 IST" skipped="0">
  <testcase classname="testClassPackage.Post_tc_2" name="execute" time="2.611"/>
  <system-out/>
</testsuite> <!-- testClassPackage.Post_tc_2 -->
